<?xml version="1.0" encoding="UTF-8"?>
<!-- Generated by org.testng.reporters.JUnitReportReporter -->
<testsuite hostname="IN-3LSM2J3" failures="0" tests="1" name="com.Preeti_JenkinsAssignment.JenkinsSampleProject" time="6.227" errors="0" timestamp="2023-10-04T17:31:06 IST" skipped="0">
  <testcase classname="com.Preeti_JenkinsAssignment.JenkinsSampleProject" name="lauchBrowser" time="6.227"/>
  <system-out/>
</testsuite> <!-- com.Preeti_JenkinsAssignment.JenkinsSampleProject -->
